2025-06-05 10:44:07,259 - INFO - Enhanced Training script indÌt·sa
2025-06-05 10:44:07,259 - INFO - Adat betˆltÈse: data\spam.csv
2025-06-05 10:44:07,267 - INFO - Adat betˆltve: 5572 sor
2025-06-05 10:44:07,267 - INFO - Adat valid·ciÛ indÌt·sa...
2025-06-05 10:44:07,269 - INFO - Valid·ciÛ sikeres. AdatmÈret: 5572, Spam ar·ny: 0.134
2025-06-05 10:44:07,272 - INFO - Train mÈret: 4457, Test mÈret: 1115
2025-06-05 10:44:07,272 - INFO - Label eloszl·s:
label
ham     4825
spam     747
2025-06-05 10:44:07,273 - INFO - Vektoriz·lÛk ˆsszehasonlÌt·sa...
2025-06-05 10:44:07,273 - INFO - TesztelÈs: CountVectorizer
2025-06-05 10:44:07,328 - INFO - CountVectorizer accuracy: 0.9839
2025-06-05 10:44:07,328 - INFO - TesztelÈs: TfidfVectorizer
2025-06-05 10:44:07,387 - INFO - TfidfVectorizer accuracy: 0.9686
2025-06-05 10:44:07,387 - INFO - Legjobb vektoriz·lÛ: CountVectorizer
2025-06-05 10:44:07,445 - INFO - Vocabulary mÈret: 7440
2025-06-05 10:44:07,445 - INFO - Feature matrix alakja: (4457, 7440)
2025-06-05 10:44:07,445 - INFO - Modellek ˆsszehasonlÌt·sa hiperparamÈter-optimaliz·l·ssal...
2025-06-05 10:44:07,445 - INFO - Optimaliz·l·s: MultinomialNB
2025-06-05 10:44:13,004 - INFO - MultinomialNB - Accuracy: 0.9794, AUC: 0.9827, CV: 0.9838±0.0037
2025-06-05 10:44:13,004 - INFO - Legjobb paramÈterek: {'alpha': 5.0}
2025-06-05 10:44:13,004 - INFO - Optimaliz·l·s: LogisticRegression
2025-06-05 10:44:13,589 - INFO - LogisticRegression - Accuracy: 0.9848, AUC: 0.9831, CV: 0.9854±0.0024
2025-06-05 10:44:13,590 - INFO - Legjobb paramÈterek: {'C': 100.0, 'solver': 'lbfgs'}
2025-06-05 10:44:13,590 - INFO - Optimaliz·l·s: RandomForest
2025-06-05 10:45:11,052 - INFO - RandomForest - Accuracy: 0.9749, AUC: 0.9833, CV: 0.9789±0.0033
2025-06-05 10:45:11,053 - INFO - Legjobb paramÈterek: {'max_depth': None, 'min_samples_split': 5, 'n_estimators': 100}
2025-06-05 10:45:11,053 - INFO - Optimaliz·l·s: SVM
2025-06-05 10:45:45,266 - INFO - SVM - Accuracy: 0.9839, AUC: 0.9796, CV: 0.9816±0.0025
2025-06-05 10:45:45,266 - INFO - Legjobb paramÈterek: {'C': 1.0, 'gamma': 'scale', 'kernel': 'linear'}
2025-06-05 10:45:45,266 - INFO - LEGJOBB MODELL: LogisticRegression
2025-06-05 10:45:45,266 - INFO - Accuracy: 0.9848
2025-06-05 10:45:45,266 - INFO - AUC-ROC: 0.9831
2025-06-05 10:45:45,266 - INFO - Cross-validation: 0.9854±0.0024
2025-06-05 10:45:45,276 - INFO - Metrik·k mentve: artifacts/training_metrics.json
2025-06-05 10:45:45,290 - INFO - Legjobb modell sikeresen mentve: artifacts\spam_model.pkl
2025-06-05 10:45:45,290 - INFO - Training befejezve. ÷sszes idı: 98.03 m·sodperc
2025-06-05 10:39:51,622 - INFO - Enhanced Training script ind√≠t√°sa
2025-06-05 10:39:51,627 - INFO - Adat bet√∂lt√©se: /usr/src/app/data/spam.csv
2025-06-05 10:39:51,664 - INFO - Adat bet√∂ltve: 5572 sor
2025-06-05 10:39:51,665 - INFO - Adat valid√°ci√≥ ind√≠t√°sa...
2025-06-05 10:39:51,671 - INFO - Valid√°ci√≥ sikeres. Adatm√©ret: 5572, Spam ar√°ny: 0.134
2025-06-05 10:39:51,680 - INFO - Train m√©ret: 4457, Test m√©ret: 1115
2025-06-05 10:39:51,685 - INFO - Label eloszl√°s:
label
ham     4825
spam     747
2025-06-05 10:39:51,686 - INFO - Vektoriz√°l√≥k √∂sszehasonl√≠t√°sa...
2025-06-05 10:39:51,687 - INFO - Tesztel√©s: CountVectorizer
2025-06-05 10:39:51,764 - INFO - CountVectorizer accuracy: 0.9839
2025-06-05 10:39:51,765 - INFO - Tesztel√©s: TfidfVectorizer
2025-06-05 10:39:51,841 - INFO - TfidfVectorizer accuracy: 0.9686
2025-06-05 10:39:51,842 - INFO - Legjobb vektoriz√°l√≥: CountVectorizer
2025-06-05 10:39:51,915 - INFO - Vocabulary m√©ret: 7440
2025-06-05 10:39:51,916 - INFO - Feature matrix alakja: (4457, 7440)
2025-06-05 10:39:51,917 - INFO - Modellek √∂sszehasonl√≠t√°sa hiperparam√©ter-optimaliz√°l√°ssal...
2025-06-05 10:39:51,917 - INFO - Optimaliz√°l√°s: MultinomialNB
2025-06-05 10:39:55,807 - INFO - MultinomialNB - Accuracy: 0.9794, AUC: 0.9827, CV: 0.9838¬±0.0037
2025-06-05 10:39:55,808 - INFO - Legjobb param√©terek: {'alpha': 5.0}
2025-06-05 10:39:55,808 - INFO - Optimaliz√°l√°s: LogisticRegression
2025-06-05 10:39:56,585 - INFO - LogisticRegression - Accuracy: 0.9848, AUC: 0.9831, CV: 0.9854¬±0.0024
2025-06-05 10:39:56,585 - INFO - Legjobb param√©terek: {'C': 100.0, 'solver': 'lbfgs'}
2025-06-05 10:39:56,586 - INFO - Optimaliz√°l√°s: RandomForest
2025-06-05 10:40:49,671 - INFO - RandomForest - Accuracy: 0.9749, AUC: 0.9833, CV: 0.9789¬±0.0033
2025-06-05 10:40:49,672 - INFO - Legjobb param√©terek: {'max_depth': None, 'min_samples_split': 5, 'n_estimators': 100}
2025-06-05 10:40:49,672 - INFO - Optimaliz√°l√°s: SVM
2025-06-05 10:41:33,534 - INFO - SVM - Accuracy: 0.9839, AUC: 0.9796, CV: 0.9816¬±0.0025
2025-06-05 10:41:33,535 - INFO - Legjobb param√©terek: {'C': 1.0, 'gamma': 'scale', 'kernel': 'linear'}
2025-06-05 10:41:33,536 - INFO - LEGJOBB MODELL: LogisticRegression
2025-06-05 10:41:33,536 - INFO - Accuracy: 0.9848
2025-06-05 10:41:33,537 - INFO - AUC-ROC: 0.9831
2025-06-05 10:41:33,537 - INFO - Cross-validation: 0.9854¬±0.0024
2025-06-05 10:41:33,557 - INFO - Metrik√°k mentve: artifacts/training_metrics.json
2025-06-05 10:41:33,579 - INFO - Legjobb modell sikeresen mentve: artifacts/spam_model.pkl
2025-06-05 10:41:33,580 - INFO - Training befejezve. √ñsszes id≈ë: 101.96 m√°sodperc
